Arguments: 
  C:\Program Files\nodejs\node.exe C:\Program Files (x86)\Yarn\bin\yarn.js publish

PATH: 
  C:\WINDOWS\system32;C:\WINDOWS;C:\WINDOWS\System32\Wbem;C:\WINDOWS\System32\WindowsPowerShell\v1.0\;C:\WINDOWS\System32\OpenSSH\;C:\Program Files\nodejs\;C:\Program Files (x86)\Yarn\bin\;C:\Program Files\Git\cmd;C:\Program Files\TortoiseSVN\bin;C:\home\tools\jdk1.8.0_181\jre\bin;C:\home\tools\jdk1.8.0_181\bin;C:\home\tools\sdk\tools\;C:\home\tools\sdk\platform-tools;C:\Users\acer\AppData\Local\Microsoft\WindowsApps;;D:\Program Files (x86)\Microsoft VS Code\bin;C:\Users\acer\AppData\Roaming\npm;C:\Users\acer\AppData\Local\Yarn\bin

Yarn version: 
  1.19.1

Node version: 
  12.13.0

Platform: 
  win32 x64

Trace: 
  Error: canceled
      at Interface.<anonymous> (C:\Program Files (x86)\Yarn\lib\cli.js:136824:13)
      at Interface.emit (events.js:210:5)
      at Interface._ttyWrite (readline.js:887:16)
      at ReadStream.onkeypress (readline.js:191:10)
      at ReadStream.emit (events.js:210:5)
      at emitKeys (internal/readline/utils.js:433:14)
      at emitKeys.next (<anonymous>)
      at ReadStream.onData (readline.js:1153:36)
      at ReadStream.emit (events.js:210:5)
      at addChunk (_stream_readable.js:308:12)

npm manifest: 
  {
    "name": "publish-server",
    "version": "1.0.0",
    "description": "",
    "main": "index.js",
    "scripts": {
      "publish": "scp -P 8022 -r ./* silver@127.0.0.1:/home/silver/publish-server",
      "test": "echo \"Error: no test specified\" && exit 1"
    },
    "author": "",
    "license": "ISC"
  }

yarn manifest: 
  No manifest

Lockfile: 
  No lockfile
